{"L":"INFO","T":"2024-01-06T18:13:01.389-0700","C":"code/code.go:26","M":"WALLET Logger has started\n"}
{"L":"INFO","T":"2024-01-06T18:13:01.394-0700","C":"code/code.go:49","M":"WALLET ID Created\n"}
{"L":"INFO","T":"2024-01-06T18:13:01.412-0700","C":"database/db.go:33","M":"WALLET Database Created\n"}
{"L":"INFO","T":"2024-01-06T18:13:01.420-0700","C":"database/db.go:15","M":"WALLET Sales Initiated\n"}
{"L":"INFO","T":"2024-01-06T18:13:01.460-0700","C":"code/code.go:66","M":"WALLET Integrated Address with Expected Arguments: deroi1qyvqpdftj8r6005xs20rnflakmwa5pdxg9vcjzdcuywq2t8skqhvwqdyvfp4xurnv43hyet5ypkx7an9wvs8jmm4vfz92xvsq93yu4gqvft92xg98yty38hk\n"}
{"L":"INFO","T":"2024-01-06T18:13:01.461-0700","C":"code/code.go:75","M":"WALLET Integrated Address with Expected Arguments minus Hardcoded Value: deroi1qyvqpdftj8r6005xs20rnflakmwa5pdxg9vcjzdcuywq2t8skqhvwqdrvfp4xurnv43hyet5ypkx7an9wvs8jmm4vfz92xvsq93yu4gq9768d3\n"}
{"L":"INFO","T":"2024-01-06T18:13:01.462-0700","C":"handlers/handlers.go:104","M":"WALLET Entering For Loop\n"}
{"L":"INFO","T":"2024-01-06T18:13:01.462-0700","C":"handlers/handlers.go:21","M":"WALLET Initial Loading of Wallet Entries\n"}
{"L":"DEBUG","T":"2024-01-06T18:13:01.578-0700","C":"handlers/handlers.go:45","M":"WALLET to be processed\n","txid":"4367da2a1dde1d3b8cf20c2e7b05304f113cbe5e062f2deb38084b79ee7d2b04","dst_port":0}
{"L":"DEBUG","T":"2024-01-06T18:13:01.579-0700","C":"handlers/handlers.go:45","M":"WALLET to be processed\n","txid":"33b85ba703428d29b4010aafdad7243400f73b843b881ae03c628c56316855c3","dst_port":0}
{"L":"INFO","T":"2024-01-06T18:13:01.579-0700","C":"handlers/handlers.go:221","M":"Handling review request","txid":"33b85ba703428d29b4010aafdad7243400f73b843b881ae03c628c56316855c3"}
{"L":"DEBUG","T":"2024-01-06T18:13:01.579-0700","C":"handlers/handlers.go:45","M":"WALLET to be processed\n","txid":"5799deafbfc310043ea0f6464a9754385d72251860d0189ae3311f45f67c5be6","dst_port":0}
{"L":"INFO","T":"2024-01-06T18:13:01.579-0700","C":"handlers/handlers.go:221","M":"Handling review request","txid":"5799deafbfc310043ea0f6464a9754385d72251860d0189ae3311f45f67c5be6"}
{"L":"DEBUG","T":"2024-01-06T18:13:01.579-0700","C":"handlers/handlers.go:45","M":"WALLET to be processed\n","txid":"8132c29c2b652573d534b38a555969095fd526d6943fb2e48b4227a6055e6e6c","dst_port":0}
{"L":"INFO","T":"2024-01-06T18:13:01.579-0700","C":"handlers/handlers.go:221","M":"Handling review request","txid":"8132c29c2b652573d534b38a555969095fd526d6943fb2e48b4227a6055e6e6c"}
{"L":"DEBUG","T":"2024-01-06T18:13:01.579-0700","C":"handlers/handlers.go:45","M":"WALLET to be processed\n","txid":"ab53213df91a7f1348b1237e4a4446fae3e52c62d18e45926620e092ca4a5962","dst_port":0}
{"L":"INFO","T":"2024-01-06T18:13:01.579-0700","C":"handlers/handlers.go:225","M":"Handling update request","txid":"ab53213df91a7f1348b1237e4a4446fae3e52c62d18e45926620e092ca4a5962"}
{"L":"DEBUG","T":"2024-01-06T18:13:01.580-0700","C":"handlers/handlers.go:45","M":"WALLET to be processed\n","txid":"651b151aa487fadfb26d5139c032e206c95820482479cfc9bc5bccbd1f4cf530","dst_port":0}
{"L":"INFO","T":"2024-01-06T18:13:01.580-0700","C":"handlers/handlers.go:221","M":"Handling review request","txid":"651b151aa487fadfb26d5139c032e206c95820482479cfc9bc5bccbd1f4cf530"}
{"L":"DEBUG","T":"2024-01-06T18:13:01.580-0700","C":"handlers/handlers.go:45","M":"WALLET to be processed\n","txid":"0efe3ce4a8aed44cfc282ce473bd986f038a95c80c2c66c8ebf6a77464656fc5","dst_port":0}
{"L":"INFO","T":"2024-01-06T18:13:01.580-0700","C":"handlers/handlers.go:221","M":"Handling review request","txid":"0efe3ce4a8aed44cfc282ce473bd986f038a95c80c2c66c8ebf6a77464656fc5"}
{"L":"DEBUG","T":"2024-01-06T18:13:01.580-0700","C":"handlers/handlers.go:45","M":"WALLET to be processed\n","txid":"7bed807da7a0da421b96754d4eb61cef34001780af69bdeeb3520c96b345ced8","dst_port":0}
{"L":"INFO","T":"2024-01-06T18:13:01.580-0700","C":"handlers/handlers.go:221","M":"Handling review request","txid":"7bed807da7a0da421b96754d4eb61cef34001780af69bdeeb3520c96b345ced8"}
{"L":"DEBUG","T":"2024-01-06T18:13:01.580-0700","C":"handlers/handlers.go:45","M":"WALLET to be processed\n","txid":"b866c2a87ddcdb3b2fa2cd6439ac759a19c07111ca8b98c6df5017b6c357577b","dst_port":0}
{"L":"INFO","T":"2024-01-06T18:13:01.580-0700","C":"handlers/handlers.go:221","M":"Handling review request","txid":"b866c2a87ddcdb3b2fa2cd6439ac759a19c07111ca8b98c6df5017b6c357577b"}
{"L":"DEBUG","T":"2024-01-06T18:13:01.581-0700","C":"handlers/handlers.go:45","M":"WALLET to be processed\n","txid":"4d2593ad3a1ccdce1527adc57bae50b7a512a86746f1711c381eb5563cf877b7","dst_port":1337}
{"L":"INFO","T":"2024-01-06T18:13:01.581-0700","C":"handlers/handlers.go:225","M":"Handling update request","txid":"4d2593ad3a1ccdce1527adc57bae50b7a512a86746f1711c381eb5563cf877b7"}
{"L":"DEBUG","T":"2024-01-06T18:13:01.581-0700","C":"handlers/handlers.go:45","M":"WALLET to be processed\n","txid":"cf6a123a2e48bd13aa000227a12776b3c2fc07fa308b71bb2b5297d81b17599d","dst_port":0}
{"L":"DEBUG","T":"2024-01-06T18:13:01.581-0700","C":"handlers/handlers.go:45","M":"WALLET to be processed\n","txid":"25d46064cf7131ee66dbb9da3bb13406bc4b48a52680ab680e70d10a05eef1d1","dst_port":1337}
{"L":"INFO","T":"2024-01-06T18:13:01.581-0700","C":"handlers/handlers.go:225","M":"Handling update request","txid":"25d46064cf7131ee66dbb9da3bb13406bc4b48a52680ab680e70d10a05eef1d1"}
{"L":"DEBUG","T":"2024-01-06T18:13:01.581-0700","C":"handlers/handlers.go:45","M":"WALLET to be processed\n","txid":"8a99ebf90058c4c6b3f05a1ac7d480e914ac4bf79f520d6b1e94efef6bd5a625","dst_port":1337}
{"L":"INFO","T":"2024-01-06T18:13:01.581-0700","C":"handlers/handlers.go:225","M":"Handling update request","txid":"8a99ebf90058c4c6b3f05a1ac7d480e914ac4bf79f520d6b1e94efef6bd5a625"}
{"L":"DEBUG","T":"2024-01-06T18:13:01.581-0700","C":"handlers/handlers.go:45","M":"WALLET to be processed\n","txid":"976c6faab21b369040345185f71a52be3ff31716c6bfc219133c74feb2653e8b","dst_port":1337}
{"L":"INFO","T":"2024-01-06T18:13:01.581-0700","C":"handlers/handlers.go:225","M":"Handling update request","txid":"976c6faab21b369040345185f71a52be3ff31716c6bfc219133c74feb2653e8b"}
{"L":"DEBUG","T":"2024-01-06T18:13:01.582-0700","C":"handlers/handlers.go:45","M":"WALLET to be processed\n","txid":"8972e65f7ffa02f83f4078807f819b442985f9d685d410eb675bb9675d5b94e8","dst_port":0}
{"L":"INFO","T":"2024-01-06T18:13:01.582-0700","C":"handlers/handlers.go:225","M":"Handling update request","txid":"8972e65f7ffa02f83f4078807f819b442985f9d685d410eb675bb9675d5b94e8"}
{"L":"DEBUG","T":"2024-01-06T18:13:01.582-0700","C":"handlers/handlers.go:45","M":"WALLET to be processed\n","txid":"8e96be3c1c632a1827651fa5c8d0b99973d675159b60f56cf6ac76c5aeed9e69","dst_port":0}
{"L":"INFO","T":"2024-01-06T18:13:01.582-0700","C":"handlers/handlers.go:225","M":"Handling update request","txid":"8e96be3c1c632a1827651fa5c8d0b99973d675159b60f56cf6ac76c5aeed9e69"}
{"L":"DEBUG","T":"2024-01-06T18:13:01.582-0700","C":"handlers/handlers.go:45","M":"WALLET to be processed\n","txid":"6cf920b8be81e328b78f9011ed64d56bac29faaafc6bda452a6e8a1b3527c0b9","dst_port":1337}
{"L":"INFO","T":"2024-01-06T18:13:01.582-0700","C":"handlers/handlers.go:225","M":"Handling update request","txid":"6cf920b8be81e328b78f9011ed64d56bac29faaafc6bda452a6e8a1b3527c0b9"}
{"L":"DEBUG","T":"2024-01-06T18:13:01.582-0700","C":"handlers/handlers.go:45","M":"WALLET to be processed\n","txid":"876f5ca399fea96e89ef9a6f51255bcefa122c80c4a9f7747aabda8f513f636c","dst_port":1337}
{"L":"INFO","T":"2024-01-06T18:13:01.582-0700","C":"handlers/handlers.go:225","M":"Handling update request","txid":"876f5ca399fea96e89ef9a6f51255bcefa122c80c4a9f7747aabda8f513f636c"}
{"L":"DEBUG","T":"2024-01-06T18:13:01.582-0700","C":"handlers/handlers.go:45","M":"WALLET to be processed\n","txid":"2430d8adacbe5ef308164232fbd5b9550097f50f9541d635123435c3572cf52d","dst_port":1337}
{"L":"INFO","T":"2024-01-06T18:13:01.582-0700","C":"handlers/handlers.go:225","M":"Handling update request","txid":"2430d8adacbe5ef308164232fbd5b9550097f50f9541d635123435c3572cf52d"}
{"L":"DEBUG","T":"2024-01-06T18:13:01.583-0700","C":"handlers/handlers.go:45","M":"WALLET to be processed\n","txid":"28146b477a49c4511b4b271b46e23c44ed4948bc7ec43f2ac72fc7ac0a91eb05","dst_port":1337}
{"L":"INFO","T":"2024-01-06T18:13:01.583-0700","C":"handlers/handlers.go:225","M":"Handling update request","txid":"28146b477a49c4511b4b271b46e23c44ed4948bc7ec43f2ac72fc7ac0a91eb05"}
{"L":"DEBUG","T":"2024-01-06T18:13:01.583-0700","C":"handlers/handlers.go:45","M":"WALLET to be processed\n","txid":"0f85947df1ff59ab8be9cd6474b9a77562e943362aadc215a93e5031304e2a68","dst_port":1337}
{"L":"INFO","T":"2024-01-06T18:13:01.583-0700","C":"handlers/handlers.go:225","M":"Handling update request","txid":"0f85947df1ff59ab8be9cd6474b9a77562e943362aadc215a93e5031304e2a68"}
{"L":"DEBUG","T":"2024-01-06T18:13:01.583-0700","C":"handlers/handlers.go:45","M":"WALLET to be processed\n","txid":"9a647a86f23a2090f06bb5dcfc5540ebacc8f02ec90cba6a7baf3323b4da2ca3","dst_port":3901339073161396224}
{"L":"INFO","T":"2024-01-06T18:13:01.583-0700","C":"handlers/handlers.go:221","M":"Handling review request","txid":"9a647a86f23a2090f06bb5dcfc5540ebacc8f02ec90cba6a7baf3323b4da2ca3"}
{"L":"DEBUG","T":"2024-01-06T18:13:01.607-0700","C":"handlers/handlers.go:45","M":"WALLET to be processed\n","txid":"526cd23b01b93cc0a649ee2dc9a51f9e3f6f6a64c485d611f9c01e35d1e58633","dst_port":0}
{"L":"DEBUG","T":"2024-01-06T18:13:01.608-0700","C":"handlers/handlers.go:45","M":"WALLET to be processed\n","txid":"62de739b2219757e2873bc6ac5a3ae35bb284cbf7aef61466d2f05b201abe402","dst_port":1337}
{"L":"INFO","T":"2024-01-06T18:13:01.608-0700","C":"handlers/handlers.go:225","M":"Handling update request","txid":"62de739b2219757e2873bc6ac5a3ae35bb284cbf7aef61466d2f05b201abe402"}
{"L":"DEBUG","T":"2024-01-06T18:13:01.608-0700","C":"handlers/handlers.go:45","M":"WALLET to be processed\n","txid":"bd90f2b2dd4749c716156f7af0e4455312787750f4908c2af8477825e66f7964","dst_port":1337}
{"L":"INFO","T":"2024-01-06T18:13:01.608-0700","C":"handlers/handlers.go:225","M":"Handling update request","txid":"bd90f2b2dd4749c716156f7af0e4455312787750f4908c2af8477825e66f7964"}
{"L":"DEBUG","T":"2024-01-06T18:13:01.609-0700","C":"handlers/handlers.go:45","M":"WALLET to be processed\n","txid":"1ba0654e6de3275a2779927144124d7e99feac53d9c07514c384e574f115ab0d","dst_port":1337}
{"L":"INFO","T":"2024-01-06T18:13:01.609-0700","C":"handlers/handlers.go:225","M":"Handling update request","txid":"1ba0654e6de3275a2779927144124d7e99feac53d9c07514c384e574f115ab0d"}
{"L":"DEBUG","T":"2024-01-06T18:13:01.609-0700","C":"handlers/handlers.go:45","M":"WALLET to be processed\n","txid":"a16c8a388ae7cc8736805fb9686603d71487553cd9bf74a0a8efbbc37e7792bb","dst_port":0}
{"L":"DEBUG","T":"2024-01-06T18:13:01.609-0700","C":"handlers/handlers.go:45","M":"WALLET to be processed\n","txid":"b28ca3544dfcc23bb2d8cfdbbf29fd2d36d5b874a769a5ea01eed51e7def3c1e","dst_port":0}
{"L":"DEBUG","T":"2024-01-06T18:13:01.609-0700","C":"handlers/handlers.go:45","M":"WALLET to be processed\n","txid":"9085b5264e3126096f35b12a541110b88cd7bcb4a0d62887660bc4e06bae06d2","dst_port":0}
{"L":"DEBUG","T":"2024-01-06T18:13:01.610-0700","C":"handlers/handlers.go:45","M":"WALLET to be processed\n","txid":"2acbb68da4e6bd37c4c27fbe21ba69009991dc47305407f716f56947a220832a","dst_port":0}
{"L":"DEBUG","T":"2024-01-06T18:13:01.610-0700","C":"handlers/handlers.go:45","M":"WALLET to be processed\n","txid":"0e5664e45b63ef546904dc856e945a986b4730f92c7322208d044801fd19f771","dst_port":1337}
{"L":"INFO","T":"2024-01-06T18:13:01.610-0700","C":"handlers/handlers.go:225","M":"Handling update request","txid":"0e5664e45b63ef546904dc856e945a986b4730f92c7322208d044801fd19f771"}
{"L":"DEBUG","T":"2024-01-06T18:13:01.610-0700","C":"handlers/handlers.go:45","M":"WALLET to be processed\n","txid":"8dd7214d43895feaeb7d4215c618d0e631c59e5129b6a7d4f3f832b8eca89a0f","dst_port":0}
{"L":"INFO","T":"2024-01-06T18:13:01.610-0700","C":"handlers/handlers.go:221","M":"Handling review request","txid":"8dd7214d43895feaeb7d4215c618d0e631c59e5129b6a7d4f3f832b8eca89a0f"}
{"L":"DEBUG","T":"2024-01-06T18:13:01.610-0700","C":"handlers/handlers.go:45","M":"WALLET to be processed\n","txid":"7605ec19e40328ba2ccb531c7ab10c8a6116ab61fe97b625e1300d6e3460e2a8","dst_port":0}
{"L":"DEBUG","T":"2024-01-06T18:13:01.611-0700","C":"handlers/handlers.go:45","M":"WALLET to be processed\n","txid":"9128b9bb372f16a667740ef8b3d2dbec5627264b19fcb310426269c7aaba847b","dst_port":0}
{"L":"INFO","T":"2024-01-06T18:13:01.611-0700","C":"handlers/handlers.go:221","M":"Handling review request","txid":"9128b9bb372f16a667740ef8b3d2dbec5627264b19fcb310426269c7aaba847b"}
{"L":"DEBUG","T":"2024-01-06T18:13:01.611-0700","C":"handlers/handlers.go:45","M":"WALLET to be processed\n","txid":"996867e2bbbbf161582708f4173b706936fda2662801fe64be61704be88328ac","dst_port":0}
{"L":"INFO","T":"2024-01-06T18:13:01.611-0700","C":"handlers/handlers.go:221","M":"Handling review request","txid":"996867e2bbbbf161582708f4173b706936fda2662801fe64be61704be88328ac"}
{"L":"DEBUG","T":"2024-01-06T18:13:01.611-0700","C":"handlers/handlers.go:45","M":"WALLET to be processed\n","txid":"cfcb9514207f0c8aa2968313593671e41e7d918fafd14c813cdce78d61d4b6e6","dst_port":0}
{"L":"DEBUG","T":"2024-01-06T18:13:01.611-0700","C":"handlers/handlers.go:45","M":"WALLET to be processed\n","txid":"df0dea5c7e3729638c70a3df88410b4c53892d30ada76fe50472dd93b5f59492","dst_port":0}
{"L":"DEBUG","T":"2024-01-06T18:13:01.612-0700","C":"handlers/handlers.go:45","M":"WALLET to be processed\n","txid":"28dcf3ad69bedf83d504c4ae90e7c45e6bacb37319e1772b1176981241ce37fd","dst_port":0}
{"L":"INFO","T":"2024-01-06T18:13:01.612-0700","C":"handlers/handlers.go:221","M":"Handling review request","txid":"28dcf3ad69bedf83d504c4ae90e7c45e6bacb37319e1772b1176981241ce37fd"}
{"L":"DEBUG","T":"2024-01-06T18:13:01.612-0700","C":"handlers/handlers.go:45","M":"WALLET to be processed\n","txid":"11b4ecbbc5165f2234ab5917bcdfde148e8f62b2b334c8718ce8662581d595dd","dst_port":0}
{"L":"INFO","T":"2024-01-06T18:13:01.612-0700","C":"handlers/handlers.go:221","M":"Handling review request","txid":"11b4ecbbc5165f2234ab5917bcdfde148e8f62b2b334c8718ce8662581d595dd"}
{"L":"DEBUG","T":"2024-01-06T18:13:01.612-0700","C":"handlers/handlers.go:45","M":"WALLET to be processed\n","txid":"3deefad1b1ae1f36de0afa9b8471bf6bd0a96f350b17be136b91c2474c342d71","dst_port":0}
{"L":"INFO","T":"2024-01-06T18:13:01.612-0700","C":"handlers/handlers.go:221","M":"Handling review request","txid":"3deefad1b1ae1f36de0afa9b8471bf6bd0a96f350b17be136b91c2474c342d71"}
{"L":"DEBUG","T":"2024-01-06T18:13:01.612-0700","C":"handlers/handlers.go:45","M":"WALLET to be processed\n","txid":"bd9d1eff82a361c172ed07e8d92fd4ab8c6a9675252f5e3b8d551c1dcc724f62","dst_port":0}
{"L":"INFO","T":"2024-01-06T18:13:01.612-0700","C":"handlers/handlers.go:221","M":"Handling review request","txid":"bd9d1eff82a361c172ed07e8d92fd4ab8c6a9675252f5e3b8d551c1dcc724f62"}
{"L":"DEBUG","T":"2024-01-06T18:13:01.613-0700","C":"handlers/handlers.go:45","M":"WALLET to be processed\n","txid":"0900fbbc039ce22cbaed0765f16de6af93a59b4e01d9456ba696ee2b16e42779","dst_port":0}
{"L":"INFO","T":"2024-01-06T18:13:01.613-0700","C":"handlers/handlers.go:221","M":"Handling review request","txid":"0900fbbc039ce22cbaed0765f16de6af93a59b4e01d9456ba696ee2b16e42779"}
{"L":"DEBUG","T":"2024-01-06T18:13:01.613-0700","C":"handlers/handlers.go:45","M":"WALLET to be processed\n","txid":"5159351aca17e12e91e7a4c716b476f9d071422331a322d2ac4956e65aed3c29","dst_port":0}
{"L":"INFO","T":"2024-01-06T18:13:01.613-0700","C":"handlers/handlers.go:221","M":"Handling review request","txid":"5159351aca17e12e91e7a4c716b476f9d071422331a322d2ac4956e65aed3c29"}
{"L":"DEBUG","T":"2024-01-06T18:13:01.614-0700","C":"handlers/handlers.go:45","M":"WALLET to be processed\n","txid":"53eb498caeff3d726f6031de7bf0b23015c2947599deebb49eab76d2eb853c90","dst_port":0}
{"L":"INFO","T":"2024-01-06T18:13:01.614-0700","C":"handlers/handlers.go:221","M":"Handling review request","txid":"53eb498caeff3d726f6031de7bf0b23015c2947599deebb49eab76d2eb853c90"}
{"L":"DEBUG","T":"2024-01-06T18:13:01.614-0700","C":"handlers/handlers.go:45","M":"WALLET to be processed\n","txid":"6fb27c8c5b5f6902629afbfe8ec63a3644a3cafacdf24ffabd40595936a2148e","dst_port":1337}
{"L":"INFO","T":"2024-01-06T18:13:01.614-0700","C":"handlers/handlers.go:225","M":"Handling update request","txid":"6fb27c8c5b5f6902629afbfe8ec63a3644a3cafacdf24ffabd40595936a2148e"}
{"L":"DEBUG","T":"2024-01-06T18:13:01.614-0700","C":"handlers/handlers.go:45","M":"WALLET to be processed\n","txid":"0492a676e2b873a7f713d025ce37d7801cc8596e835d2845c9643fca00f1f970","dst_port":0}
{"L":"DEBUG","T":"2024-01-06T18:13:01.614-0700","C":"handlers/handlers.go:45","M":"WALLET to be processed\n","txid":"1c5324fa9567c2707bdbdbf299a15ec082d1f55f81206f18b26b87eed66b9779","dst_port":1311768465173141112}
{"L":"DEBUG","T":"2024-01-06T18:13:01.615-0700","C":"handlers/handlers.go:45","M":"WALLET to be processed\n","txid":"8fc8f26f8f1b5cd1ba77e84fae550e3bd26fbb20e8612b3c111c604bb98fdbbe","dst_port":1311768465173141112}
{"L":"DEBUG","T":"2024-01-06T18:13:01.615-0700","C":"handlers/handlers.go:45","M":"WALLET to be processed\n","txid":"7f0c7b7dc461f2bd3b9889b6b636cea6ca7b5fc922c650465bf08f4ac879a5b0","dst_port":1311768465173141112}
{"L":"DEBUG","T":"2024-01-06T18:13:01.615-0700","C":"handlers/handlers.go:45","M":"WALLET to be processed\n","txid":"f26e649c7f9007025086fca7793bf5e4362533aabfa34012114996a48e89f15d","dst_port":1311768465173141112}
{"L":"DEBUG","T":"2024-01-06T18:13:01.615-0700","C":"handlers/handlers.go:45","M":"WALLET to be processed\n","txid":"30b1488f007875f3c81b3f1bb420184b6dec29b0d180004e8527ca78bf1d0d02","dst_port":1311768465173141112}
{"L":"DEBUG","T":"2024-01-06T18:13:01.615-0700","C":"handlers/handlers.go:45","M":"WALLET to be processed\n","txid":"aae3bcaba22ea30358c4765c3ef7bec975d4f325c79bc17ebf33d807f234f864","dst_port":1311768465173141112}
{"L":"DEBUG","T":"2024-01-06T18:13:01.616-0700","C":"handlers/handlers.go:45","M":"WALLET to be processed\n","txid":"9f49b652c0e4b4d9e664b08fa268f1fc8c972ee94179f6b65ca7b2b296a0c48a","dst_port":1311768465173141112}
{"L":"DEBUG","T":"2024-01-06T18:13:01.616-0700","C":"handlers/handlers.go:45","M":"WALLET to be processed\n","txid":"d9984d51b57c4c0dc7926515e1d3237de456000731372968d57de6b5d1b46491","dst_port":1311768465173141112}
{"L":"DEBUG","T":"2024-01-06T18:13:01.627-0700","C":"handlers/handlers.go:45","M":"WALLET to be processed\n","txid":"81e99c63bd975d208eb2bb01e0a5e578f1572dd274a0ea773b8c190b906a2d8e","dst_port":1311768465173141112}
{"L":"DEBUG","T":"2024-01-06T18:13:01.627-0700","C":"handlers/handlers.go:45","M":"WALLET to be processed\n","txid":"3f0c06b7874efc64e15b0e7b36b57584309b29a99bf4e8321f01091533c1cab3","dst_port":1311768465173141112}
{"L":"DEBUG","T":"2024-01-06T18:13:01.628-0700","C":"handlers/handlers.go:45","M":"WALLET to be processed\n","txid":"33b23a6e017c50f40b49d154de57811295f79d24511549529818f83a9133c9ef","dst_port":1311768465173141112}
{"L":"DEBUG","T":"2024-01-06T18:13:01.628-0700","C":"handlers/handlers.go:45","M":"WALLET to be processed\n","txid":"a244341d4295e9ab7e5dc90964c225d843900c5b0c4455990229b0732bb48126","dst_port":1311768465173141112}
{"L":"DEBUG","T":"2024-01-06T18:13:01.629-0700","C":"handlers/handlers.go:45","M":"WALLET to be processed\n","txid":"b6fdf9741a145b5ee0ebf32116079b9d192764f76a80a19e51eb67ee542910b3","dst_port":1311768465173141112}
{"L":"DEBUG","T":"2024-01-06T18:13:01.630-0700","C":"handlers/handlers.go:45","M":"WALLET to be processed\n","txid":"5ee4e3aea702ec528de3331f488d6e93a1ab3ebce750e03713916465fb5ae7ad","dst_port":1311768465173141112}
{"L":"DEBUG","T":"2024-01-06T18:13:01.630-0700","C":"handlers/handlers.go:45","M":"WALLET to be processed\n","txid":"f67c88a297c98f25f9a4937b791ed3362b20ee123e7608bd0e261ea960064950","dst_port":1311768465173141112}
{"L":"DEBUG","T":"2024-01-06T18:13:01.630-0700","C":"handlers/handlers.go:45","M":"WALLET to be processed\n","txid":"f7ad58648d2eeae9789791ba4666638dbe7f7b15333ce791bdcbc533e0b1ddbd","dst_port":1311768465173141112}
{"L":"DEBUG","T":"2024-01-06T18:13:01.631-0700","C":"handlers/handlers.go:45","M":"WALLET to be processed\n","txid":"e50ef0679eae5e08a03ac93eccb266222295b914dc8613b6e1937c103d3afe5a","dst_port":1311768465173141112}
{"L":"DEBUG","T":"2024-01-06T18:13:01.631-0700","C":"handlers/handlers.go:45","M":"WALLET to be processed\n","txid":"899d3dcab8f9e9dd34235a3e7360ba0ca46ce84a5da187659e78c66536a7ad87","dst_port":1311768465173141112}
{"L":"DEBUG","T":"2024-01-06T18:13:01.635-0700","C":"handlers/handlers.go:45","M":"WALLET to be processed\n","txid":"393944cacb15877a3772c3dd0026d7b9fa976207c26c1d15840440b2aabba3c9","dst_port":1311768465173141112}
{"L":"DEBUG","T":"2024-01-06T18:13:01.637-0700","C":"handlers/handlers.go:45","M":"WALLET to be processed\n","txid":"3d42a25d2da902f6f47e26ac03194b64feb5034fd5ce1c1491c350f70a2939a0","dst_port":1311768465173141112}
{"L":"DEBUG","T":"2024-01-06T18:13:01.638-0700","C":"handlers/handlers.go:45","M":"WALLET to be processed\n","txid":"590eabf166fc3e7732c59a4e3fae86aea09d5782e4a73d277edd4013150e1eba","dst_port":1311768465173141112}
{"L":"DEBUG","T":"2024-01-06T18:13:01.638-0700","C":"handlers/handlers.go:45","M":"WALLET to be processed\n","txid":"403a2457837b3552f91acbd442397d1634a549da2d925ab237f8d7b909051c0f","dst_port":1311768465173141112}
{"L":"DEBUG","T":"2024-01-06T18:13:01.640-0700","C":"handlers/handlers.go:45","M":"WALLET to be processed\n","txid":"4e66e7ca57fce65687831c26f624c348bf256776140acc59a97186ce0ee32928","dst_port":1311768465173141112}
{"L":"DEBUG","T":"2024-01-06T18:13:01.640-0700","C":"handlers/handlers.go:45","M":"WALLET to be processed\n","txid":"862a0eee5d1e1b1d7a0012c0e339394eaef5059eb7e936adc4f0a18ce29a0401","dst_port":1311768465173141112}
{"L":"DEBUG","T":"2024-01-06T18:13:01.641-0700","C":"handlers/handlers.go:45","M":"WALLET to be processed\n","txid":"8e254cc10e82d1767a751bc76bbc2cb58b1e21920bb912247e4be74398dfa0cb","dst_port":1311768465173141112}
{"L":"DEBUG","T":"2024-01-06T18:13:01.645-0700","C":"handlers/handlers.go:45","M":"WALLET to be processed\n","txid":"eba19ef611ea62b9a3ce1683152aaf93fd522a94bb2e1960f2789d4c26b7cd26","dst_port":1311768465173141112}
{"L":"DEBUG","T":"2024-01-06T18:13:01.646-0700","C":"handlers/handlers.go:45","M":"WALLET to be processed\n","txid":"20314c3ad82494722ed07c1cb803bd627a74d65f2b57ed1be219288bc2bf7490","dst_port":1311768465173141112}
{"L":"DEBUG","T":"2024-01-06T18:13:01.646-0700","C":"handlers/handlers.go:45","M":"WALLET to be processed\n","txid":"c7cb18cbde4218c1d6d57bff598c04296eee4ecaafc9afdfa4ca1a263d833b6f","dst_port":1311768465173141112}
{"L":"DEBUG","T":"2024-01-06T18:13:01.647-0700","C":"handlers/handlers.go:45","M":"WALLET to be processed\n","txid":"3d66d74684417e15c192f0551550a123a2480cd57f4238b6ab539606ca87cc90","dst_port":1311768465173141112}
{"L":"DEBUG","T":"2024-01-06T18:13:01.648-0700","C":"handlers/handlers.go:45","M":"WALLET to be processed\n","txid":"473fd6850c3c92c9d5044cb24593dc9515cb855859bd1b163fe56d22f5a12067","dst_port":1311768465173141112}
{"L":"DEBUG","T":"2024-01-06T18:13:01.648-0700","C":"handlers/handlers.go:45","M":"WALLET to be processed\n","txid":"0a737405d5df92119733445f3ca84dc3d76c170ab63227caecd262ead2cf6aac","dst_port":1311768465173141112}
{"L":"DEBUG","T":"2024-01-06T18:13:01.649-0700","C":"handlers/handlers.go:45","M":"WALLET to be processed\n","txid":"67550b18306810119cb379cb5d1f37260983e5ef5e4efe8302e86213439ba74e","dst_port":1311768465173141112}
{"L":"DEBUG","T":"2024-01-06T18:13:01.649-0700","C":"handlers/handlers.go:45","M":"WALLET to be processed\n","txid":"aacb8f1a83190d0b91fc6270fdff1562aba992d5f93e947123f1c9a3d1709b18","dst_port":1311768465173141112}
{"L":"DEBUG","T":"2024-01-06T18:13:01.649-0700","C":"handlers/handlers.go:45","M":"WALLET to be processed\n","txid":"21e90f2e722db8aad2b3477ad9ec2692b2e7aba3bda3095733b74bb8ebbe0de7","dst_port":1311768465173141112}
{"L":"DEBUG","T":"2024-01-06T18:13:01.661-0700","C":"handlers/handlers.go:45","M":"WALLET to be processed\n","txid":"92cd22eb58b37e7e313aa9b2f6c19e0132f6f804c94e41e646e38fd06de9166c","dst_port":1311768465173141112}
{"L":"DEBUG","T":"2024-01-06T18:13:01.662-0700","C":"handlers/handlers.go:45","M":"WALLET to be processed\n","txid":"ac4654e7e5a229b6f42a75e3b70dba906c0d4790a13d900805d3601cf6cf8bc2","dst_port":1311768465173141112}
{"L":"DEBUG","T":"2024-01-06T18:13:01.664-0700","C":"handlers/handlers.go:45","M":"WALLET to be processed\n","txid":"4eb37a27fe3c7d5bfe87ec0d2552262983e1a90deecd2c4302a4fd8e5c01d1df","dst_port":1311768465173141112}
{"L":"DEBUG","T":"2024-01-06T18:13:01.665-0700","C":"handlers/handlers.go:45","M":"WALLET to be processed\n","txid":"45d1c4ef7c15e46c72bdc805527ad40844c71500cb4432ee84304d1a1c4e21cb","dst_port":1311768465173141112}
{"L":"DEBUG","T":"2024-01-06T18:13:01.665-0700","C":"handlers/handlers.go:45","M":"WALLET to be processed\n","txid":"87811920e5182afda09a22bd05cf53205f716b3ed0d0e2071844f71d0acb9609","dst_port":1311768465173141112}
{"L":"DEBUG","T":"2024-01-06T18:13:01.666-0700","C":"handlers/handlers.go:45","M":"WALLET to be processed\n","txid":"b147c2c959e9d94f0d9d1cd0e15562c3d4f19d6ad78c2ac50e5e2f82d7299f7f","dst_port":1311768465173141112}
{"L":"DEBUG","T":"2024-01-06T18:13:01.666-0700","C":"handlers/handlers.go:45","M":"WALLET to be processed\n","txid":"3b9a9d93c96ad3f60e966fee7e6393b895b835193819b699f447db054821d90c","dst_port":1311768465173141112}
{"L":"DEBUG","T":"2024-01-06T18:13:01.666-0700","C":"handlers/handlers.go:45","M":"WALLET to be processed\n","txid":"8a576e22f234d0688170d9503f52c85d5b6f5317b557123c4c567b370d608e24","dst_port":1311768465173141112}
{"L":"DEBUG","T":"2024-01-06T18:13:01.666-0700","C":"handlers/handlers.go:45","M":"WALLET to be processed\n","txid":"07150a43d82e7985e6602af59fe21314095c2854f80c6e082fd964ad738aa090","dst_port":1311768465173141112}
{"L":"DEBUG","T":"2024-01-06T18:13:01.667-0700","C":"handlers/handlers.go:45","M":"WALLET to be processed\n","txid":"762653b9713c227d2e25001c4783513ef1dfaec9c3b1ab40b5029b3580d3538e","dst_port":1311768465173141112}
{"L":"DEBUG","T":"2024-01-06T18:13:01.667-0700","C":"handlers/handlers.go:45","M":"WALLET to be processed\n","txid":"e405ab92d4f178c3ea3f263c6b888d05d825963d530d32d0221f55bb2c1cf0e2","dst_port":0}
{"L":"DEBUG","T":"2024-01-06T18:13:01.668-0700","C":"handlers/handlers.go:45","M":"WALLET to be processed\n","txid":"45daffe991d54421a572a46c00e1ec3497fadec64986bc0bede0e310f758d6ce","dst_port":0}
{"L":"DEBUG","T":"2024-01-06T18:13:01.669-0700","C":"handlers/handlers.go:45","M":"WALLET to be processed\n","txid":"340121f6fc9c36c57a4e2bd61ee7071d79a8ec663b14ba5209ed9a58ae927d0b","dst_port":0}
{"L":"DEBUG","T":"2024-01-06T18:13:01.670-0700","C":"handlers/handlers.go:45","M":"WALLET to be processed\n","txid":"8ec5c9a5fb52e87880ae680735ec607502f6195c34aa43f3e665ef16e3042269","dst_port":1337}
{"L":"INFO","T":"2024-01-06T18:13:01.670-0700","C":"handlers/handlers.go:225","M":"Handling update request","txid":"8ec5c9a5fb52e87880ae680735ec607502f6195c34aa43f3e665ef16e3042269"}
{"L":"DEBUG","T":"2024-01-06T18:13:01.671-0700","C":"handlers/handlers.go:45","M":"WALLET to be processed\n","txid":"0fc855757217a8c2b63c6aecdf098d2663215267984dd19d0b194fb36a567a09","dst_port":1337}
{"L":"INFO","T":"2024-01-06T18:13:01.671-0700","C":"handlers/handlers.go:225","M":"Handling update request","txid":"0fc855757217a8c2b63c6aecdf098d2663215267984dd19d0b194fb36a567a09"}
{"L":"DEBUG","T":"2024-01-06T18:13:01.671-0700","C":"handlers/handlers.go:45","M":"WALLET to be processed\n","txid":"8dc6e1fccc1be0f292af6d9cd790e343fc022cc1bedfa535052f9a95ea216945","dst_port":7331}
{"L":"INFO","T":"2024-01-06T18:13:01.671-0700","C":"handlers/handlers.go:225","M":"Handling update request","txid":"8dc6e1fccc1be0f292af6d9cd790e343fc022cc1bedfa535052f9a95ea216945"}
{"L":"DEBUG","T":"2024-01-06T18:13:01.671-0700","C":"handlers/handlers.go:45","M":"WALLET to be processed\n","txid":"c02a00f5d5f80eade99feb31ba20b6ed505fd02b0509ad9223d17f8b519c4ba1","dst_port":0}
{"L":"INFO","T":"2024-01-06T18:13:01.671-0700","C":"handlers/handlers.go:225","M":"Handling update request","txid":"c02a00f5d5f80eade99feb31ba20b6ed505fd02b0509ad9223d17f8b519c4ba1"}
{"L":"DEBUG","T":"2024-01-06T18:13:01.672-0700","C":"handlers/handlers.go:45","M":"WALLET to be processed\n","txid":"688ab63582d9e7294d3a23f33194cb8320a4123af622ae64fb2eff6d86333f70","dst_port":1337}
{"L":"INFO","T":"2024-01-06T18:13:01.672-0700","C":"handlers/handlers.go:225","M":"Handling update request","txid":"688ab63582d9e7294d3a23f33194cb8320a4123af622ae64fb2eff6d86333f70"}
{"L":"DEBUG","T":"2024-01-06T18:13:01.672-0700","C":"handlers/handlers.go:45","M":"WALLET to be processed\n","txid":"6fc60177e8bde1b4ccaf988a11792a9243d325ff4c6944a80dc8a77cb9980b31","dst_port":1337}
{"L":"INFO","T":"2024-01-06T18:13:01.672-0700","C":"handlers/handlers.go:225","M":"Handling update request","txid":"6fc60177e8bde1b4ccaf988a11792a9243d325ff4c6944a80dc8a77cb9980b31"}
{"L":"DEBUG","T":"2024-01-06T18:13:01.672-0700","C":"handlers/handlers.go:45","M":"WALLET to be processed\n","txid":"e2843a0cf9cf9cbeaf928db6b12876704a7717dedc60c67021d01a49266669ac","dst_port":1337}
{"L":"INFO","T":"2024-01-06T18:13:01.672-0700","C":"handlers/handlers.go:225","M":"Handling update request","txid":"e2843a0cf9cf9cbeaf928db6b12876704a7717dedc60c67021d01a49266669ac"}
{"L":"DEBUG","T":"2024-01-06T18:13:01.676-0700","C":"handlers/handlers.go:45","M":"WALLET to be processed\n","txid":"fd47f3daf21d5e71b432b085aab5a3365cee70630e39776512bf0d8677bacd48","dst_port":1337}
{"L":"INFO","T":"2024-01-06T18:13:01.676-0700","C":"handlers/handlers.go:225","M":"Handling update request","txid":"fd47f3daf21d5e71b432b085aab5a3365cee70630e39776512bf0d8677bacd48"}
{"L":"DEBUG","T":"2024-01-06T18:13:01.676-0700","C":"handlers/handlers.go:45","M":"WALLET to be processed\n","txid":"258b29a54ec046d4c688c22fc8d32ea819568e314ba861e6a170224e57ddafe6","dst_port":1337}
{"L":"INFO","T":"2024-01-06T18:13:01.676-0700","C":"handlers/handlers.go:225","M":"Handling update request","txid":"258b29a54ec046d4c688c22fc8d32ea819568e314ba861e6a170224e57ddafe6"}
{"L":"DEBUG","T":"2024-01-06T18:13:01.677-0700","C":"handlers/handlers.go:45","M":"WALLET to be processed\n","txid":"dd641eb08b12ceb6f7ab9b8899e223e53d0625c97156e97d9367c15e4b303b97","dst_port":7331}
{"L":"INFO","T":"2024-01-06T18:13:01.677-0700","C":"handlers/handlers.go:225","M":"Handling update request","txid":"dd641eb08b12ceb6f7ab9b8899e223e53d0625c97156e97d9367c15e4b303b97"}
{"L":"DEBUG","T":"2024-01-06T18:13:01.677-0700","C":"handlers/handlers.go:45","M":"WALLET to be processed\n","txid":"1d3901459b65ed36140b67bc15573e31ae5b3324e5dec524b37719eb7a9182c0","dst_port":7331}
{"L":"DEBUG","T":"2024-01-06T18:13:01.677-0700","C":"handlers/handlers.go:45","M":"WALLET to be processed\n","txid":"772d866695df78293b72d5fdfd16a15387bbc4390826dac89dff4da52440ba38","dst_port":1337}
{"L":"INFO","T":"2024-01-06T18:13:01.677-0700","C":"handlers/handlers.go:225","M":"Handling update request","txid":"772d866695df78293b72d5fdfd16a15387bbc4390826dac89dff4da52440ba38"}
{"L":"DEBUG","T":"2024-01-06T18:13:01.678-0700","C":"handlers/handlers.go:45","M":"WALLET to be processed\n","txid":"616e2d01e9a7c146339f42fcf7dc800bf64187175a2666ffe5b40f8b0769905f","dst_port":1337}
{"L":"DEBUG","T":"2024-01-06T18:13:01.678-0700","C":"handlers/handlers.go:45","M":"WALLET to be processed\n","txid":"87baa8fce5a08f0b9eb078f831831428e0490489006f22ab76f7eaa44b998f02","dst_port":0}
{"L":"DEBUG","T":"2024-01-06T18:13:01.678-0700","C":"handlers/handlers.go:45","M":"WALLET to be processed\n","txid":"27cec0f7d10ca2a00d149ad92f20f07dd4c4a81533d6260d3c3d6b60383ecebb","dst_port":1337}
{"L":"INFO","T":"2024-01-06T18:13:01.678-0700","C":"handlers/handlers.go:225","M":"Handling update request","txid":"27cec0f7d10ca2a00d149ad92f20f07dd4c4a81533d6260d3c3d6b60383ecebb"}
{"L":"DEBUG","T":"2024-01-06T18:13:01.678-0700","C":"handlers/handlers.go:45","M":"WALLET to be processed\n","txid":"535e4dc78c88d9f9fe110578e85af4e87a616e202c542009b818372174796717","dst_port":0}
{"L":"DEBUG","T":"2024-01-06T18:13:01.679-0700","C":"handlers/handlers.go:45","M":"WALLET to be processed\n","txid":"7ef53c6f495aa134a8f65b7eac83936587d4c6414214a1cda5ab125181a82d72","dst_port":0}
{"L":"DEBUG","T":"2024-01-06T18:13:01.679-0700","C":"handlers/handlers.go:45","M":"WALLET to be processed\n","txid":"4e94ae69d660fa2a12c38cfb2b3e2a691c357e6ce67b9822a381e4f57059b273","dst_port":0}
{"L":"DEBUG","T":"2024-01-06T18:13:01.679-0700","C":"handlers/handlers.go:45","M":"WALLET to be processed\n","txid":"6ae1a0ac977a92024f62bcac6164394910a97afc03fb984e7143c2ef0fe76d08","dst_port":0}
{"L":"DEBUG","T":"2024-01-06T18:13:01.679-0700","C":"handlers/handlers.go:45","M":"WALLET to be processed\n","txid":"9268499caf40dd615b5cae8fc021d2ee9fed8cfce3dd53179619ea835bbd1c4f","dst_port":0}
{"L":"DEBUG","T":"2024-01-06T18:13:01.680-0700","C":"handlers/handlers.go:45","M":"WALLET to be processed\n","txid":"07376e714760588a111596e9c42f630cb86a510e775b497f4e0e1b21b10336ac","dst_port":1337}
{"L":"DEBUG","T":"2024-01-06T18:13:01.680-0700","C":"handlers/handlers.go:45","M":"WALLET to be processed\n","txid":"82c11b5b8c4dacbd371f55f8d7987ec9895213191a01a22e2f57f89bc279aa50","dst_port":0}
{"L":"DEBUG","T":"2024-01-06T18:13:01.680-0700","C":"handlers/handlers.go:45","M":"WALLET to be processed\n","txid":"c6bfd8f78f2f318151de479df64e958d820ddff54364249905369c90380cbdb5","dst_port":1337}
{"L":"DEBUG","T":"2024-01-06T18:13:01.688-0700","C":"handlers/handlers.go:45","M":"WALLET to be processed\n","txid":"afa9a84d7b12bc8391d7243e1fa0e4430579d021d75398b4691a330c92e66bfe","dst_port":0}
{"L":"DEBUG","T":"2024-01-06T18:13:01.689-0700","C":"handlers/handlers.go:45","M":"WALLET to be processed\n","txid":"3df806b0f1d87f3cfdf87a921bf4021af49c390ce7d460cc959434e35d5caa62","dst_port":0}
{"L":"DEBUG","T":"2024-01-06T18:13:01.690-0700","C":"handlers/handlers.go:45","M":"WALLET to be processed\n","txid":"cc4199c14a4732008c658eea03e66e62acb3082ee9a562e81ca8c4c653817a4e","dst_port":0}
{"L":"DEBUG","T":"2024-01-06T18:13:01.690-0700","C":"handlers/handlers.go:45","M":"WALLET to be processed\n","txid":"da931af28168ef1dd91d13f0af9d5da76ea3849b507d73c6f19ab886a5f71a57","dst_port":9001009}
{"L":"DEBUG","T":"2024-01-06T18:13:01.691-0700","C":"handlers/handlers.go:45","M":"WALLET to be processed\n","txid":"e66361eacac80e129253a7195a4ab2a35b3a89237748cd4e187da5f9202b9c42","dst_port":9001}
{"L":"DEBUG","T":"2024-01-06T18:13:01.691-0700","C":"handlers/handlers.go:45","M":"WALLET to be processed\n","txid":"13083de528b8008eca8a617cf0c5941ea669b8e287feb594c9be68aff3147452","dst_port":9001}
{"L":"DEBUG","T":"2024-01-06T18:13:01.691-0700","C":"handlers/handlers.go:45","M":"WALLET to be processed\n","txid":"3ec77378b7f1962419f9900adc2ecda4128de1f303f11a0069624f18cc74f258","dst_port":9001}
{"L":"DEBUG","T":"2024-01-06T18:13:01.692-0700","C":"handlers/handlers.go:45","M":"WALLET to be processed\n","txid":"63d27072fc8f4ec6267d145e8c81c7cb7b8e94e6ffd1c1ac8864d6fecbb718fa","dst_port":9001}
{"L":"DEBUG","T":"2024-01-06T18:13:01.692-0700","C":"handlers/handlers.go:45","M":"WALLET to be processed\n","txid":"c089fcd46d39004329f1adcd41e9ce7bb8b99e95dba92d9bb9258fccf145460b","dst_port":9001}
{"L":"DEBUG","T":"2024-01-06T18:13:01.718-0700","C":"handlers/handlers.go:45","M":"WALLET to be processed\n","txid":"3c3e5187f5d7d60376d9be3bed548e1ee3ccf5e7aec1e7ed5819a9e67eab22cd","dst_port":0}
{"L":"DEBUG","T":"2024-01-06T18:13:01.719-0700","C":"handlers/handlers.go:45","M":"WALLET to be processed\n","txid":"3aae3b8b2a107f8cf9514cb753d37c64f59ec53082e492c742bd5668a056b063","dst_port":0}
{"L":"DEBUG","T":"2024-01-06T18:13:01.719-0700","C":"handlers/handlers.go:45","M":"WALLET to be processed\n","txid":"2a95d6153942ff8ea55c79bc38b56cd680bc3dc38dd8bf7fa7337bdfc7e27d09","dst_port":0}
{"L":"DEBUG","T":"2024-01-06T18:13:01.720-0700","C":"handlers/handlers.go:45","M":"WALLET to be processed\n","txid":"cd4e81969f0f3be1f24865017a0ec1c995bbbcc63f2406da2b6f416f920d86ca","dst_port":90001}
{"L":"INFO","T":"2024-01-06T18:13:01.720-0700","C":"handlers/handlers.go:225","M":"Handling update request","txid":"cd4e81969f0f3be1f24865017a0ec1c995bbbcc63f2406da2b6f416f920d86ca"}
{"L":"DEBUG","T":"2024-01-06T18:13:01.721-0700","C":"handlers/handlers.go:45","M":"WALLET to be processed\n","txid":"511fa7d78d1df48f096c338ce2149c2310fe01b145abfc1fb31e81ae3a7885bc","dst_port":1337}
{"L":"INFO","T":"2024-01-06T18:13:01.721-0700","C":"handlers/handlers.go:225","M":"Handling update request","txid":"511fa7d78d1df48f096c338ce2149c2310fe01b145abfc1fb31e81ae3a7885bc"}
{"L":"DEBUG","T":"2024-01-06T18:13:01.721-0700","C":"handlers/handlers.go:45","M":"WALLET to be processed\n","txid":"c4fd781a0c1df86dd0191527466a7479ce9177a34b13617a31ee9ad606f2bcab","dst_port":1337}
{"L":"INFO","T":"2024-01-06T18:13:01.721-0700","C":"handlers/handlers.go:225","M":"Handling update request","txid":"c4fd781a0c1df86dd0191527466a7479ce9177a34b13617a31ee9ad606f2bcab"}
{"L":"DEBUG","T":"2024-01-06T18:13:01.722-0700","C":"handlers/handlers.go:45","M":"WALLET to be processed\n","txid":"7f0b7e91564107721c8f833e3b2b15b7fdb7d04fa7307851d9ef3fe43567080c","dst_port":1337}
{"L":"INFO","T":"2024-01-06T18:13:01.722-0700","C":"handlers/handlers.go:225","M":"Handling update request","txid":"7f0b7e91564107721c8f833e3b2b15b7fdb7d04fa7307851d9ef3fe43567080c"}
{"L":"DEBUG","T":"2024-01-06T18:13:01.723-0700","C":"handlers/handlers.go:45","M":"WALLET to be processed\n","txid":"a621bdde7baf3f89b01da685b677b56e388dc2f5496b5df555983ad8a53e619b","dst_port":1337}
{"L":"INFO","T":"2024-01-06T18:13:01.723-0700","C":"handlers/handlers.go:225","M":"Handling update request","txid":"a621bdde7baf3f89b01da685b677b56e388dc2f5496b5df555983ad8a53e619b"}
{"L":"DEBUG","T":"2024-01-06T18:13:01.723-0700","C":"handlers/handlers.go:45","M":"WALLET to be processed\n","txid":"2948f48d14c777b9dba0faff91fd9936d99073f5b27e636ab6f9d0789b3f13a6","dst_port":1337}
{"L":"DEBUG","T":"2024-01-06T18:13:01.723-0700","C":"handlers/handlers.go:45","M":"WALLET to be processed\n","txid":"22de48f2530fb381f9f50769a20e820b87117a6306bb2504f42ee8294cd18cb6","dst_port":0}
{"L":"DEBUG","T":"2024-01-06T18:13:01.724-0700","C":"handlers/handlers.go:45","M":"WALLET to be processed\n","txid":"3d476b5c1eeaad9af27b558baaee142cd963c813e8e550df42d4f784e2a65b15","dst_port":1337}
{"L":"INFO","T":"2024-01-06T18:13:01.724-0700","C":"handlers/handlers.go:225","M":"Handling update request","txid":"3d476b5c1eeaad9af27b558baaee142cd963c813e8e550df42d4f784e2a65b15"}
{"L":"DEBUG","T":"2024-01-06T18:13:01.724-0700","C":"handlers/handlers.go:45","M":"WALLET to be processed\n","txid":"692afd9c9a237aee9b3ab4f3e3e2a09ef65b7cf61137363844c15d7750eda9d5","dst_port":0}
{"L":"DEBUG","T":"2024-01-06T18:13:01.724-0700","C":"handlers/handlers.go:45","M":"WALLET to be processed\n","txid":"211193b471597bb5cd8595262af0e24be753ac22c1b9f42d6cfb80c5af1a5874","dst_port":1337}
{"L":"DEBUG","T":"2024-01-06T18:13:01.724-0700","C":"handlers/handlers.go:45","M":"WALLET to be processed\n","txid":"ee87d890e32f4a947b2a8aaeb00fbfe96ef5c16ffa9ec7c8d5240511a213d676","dst_port":1337}
{"L":"DEBUG","T":"2024-01-06T18:13:01.725-0700","C":"handlers/handlers.go:45","M":"WALLET to be processed\n","txid":"37c36774d50c93606b300fb1b35aeeed1c78f48fa70fae9122ca5d1f8c0a1eef","dst_port":1183896262425186394}
{"L":"DEBUG","T":"2024-01-06T18:13:01.725-0700","C":"handlers/handlers.go:45","M":"WALLET to be processed\n","txid":"b018121293028f4d884ca08f106878675454efbe55b124b52cdeb1c3056e265e","dst_port":1311768465173141112}
{"L":"DEBUG","T":"2024-01-06T18:13:01.725-0700","C":"handlers/handlers.go:45","M":"WALLET to be processed\n","txid":"68ea3c889e68f33869f271f5c221c25348bdfab508dfad2c8b04afa2c6b73cc9","dst_port":1311768465173141112}
{"L":"DEBUG","T":"2024-01-06T18:13:01.726-0700","C":"handlers/handlers.go:45","M":"WALLET to be processed\n","txid":"2c173d61ccbfb92bf3e6bbe67d2a6627d03744e9a06b2ce5299a9f938d6d4b39","dst_port":123456789}
{"L":"DEBUG","T":"2024-01-06T18:13:01.726-0700","C":"handlers/handlers.go:45","M":"WALLET to be processed\n","txid":"ade9177daacf05e4b62f01de8bb5879fda45102820edb32b6132b6b0bd6c3d08","dst_port":123456789}
{"L":"DEBUG","T":"2024-01-06T18:13:01.727-0700","C":"handlers/handlers.go:45","M":"WALLET to be processed\n","txid":"0118b911a2ca4da4f95e2c08844eaf129877b052e25527609fb03d42042c6c08","dst_port":123456789}
{"L":"DEBUG","T":"2024-01-06T18:13:01.729-0700","C":"handlers/handlers.go:45","M":"WALLET to be processed\n","txid":"b598acfbd329916abfc0e2e215be5d2e8928d18651b5a1e4a1574da0f17a8163","dst_port":123456789}
{"L":"DEBUG","T":"2024-01-06T18:13:01.729-0700","C":"handlers/handlers.go:45","M":"WALLET to be processed\n","txid":"03896dc00a5589c2f871c9476adedca4256afa07755b3eb7a61867fa202d94ec","dst_port":123456789}
{"L":"DEBUG","T":"2024-01-06T18:13:01.730-0700","C":"handlers/handlers.go:45","M":"WALLET to be processed\n","txid":"74c598ac5c46919a5b3995022cd4e1f9247a5b2ede23ea77cd7527974e9ccdab","dst_port":123456789}
{"L":"DEBUG","T":"2024-01-06T18:13:01.730-0700","C":"handlers/handlers.go:45","M":"WALLET to be processed\n","txid":"e040cdad32d03647b6d87cdfc8a77e2ac9c17831dc7572c23e60c1b678c93a5f","dst_port":123456789}
{"L":"DEBUG","T":"2024-01-06T18:13:01.731-0700","C":"handlers/handlers.go:45","M":"WALLET to be processed\n","txid":"f746da30403289f283c822625325dd460c8987c27646ea6ca5521ee592d3ecc5","dst_port":123456789}
{"L":"DEBUG","T":"2024-01-06T18:13:01.731-0700","C":"handlers/handlers.go:45","M":"WALLET to be processed\n","txid":"169dbf98e1f0a3864f2965d46e1d498fcd7f949a8fcfc5aa8fd19c754169b1b9","dst_port":123456789}
{"L":"DEBUG","T":"2024-01-06T18:13:01.732-0700","C":"handlers/handlers.go:45","M":"WALLET to be processed\n","txid":"0021783a854ea023ec785edcf61231917368bed8850e29816d9e49a425dec407","dst_port":1311768465173141112}
{"L":"DEBUG","T":"2024-01-06T18:13:01.732-0700","C":"handlers/handlers.go:45","M":"WALLET to be processed\n","txid":"6d5aac70cf71be89494cde5da3e961db64c1f8e955f1574dabfb2353207f255f","dst_port":305419896}
{"L":"DEBUG","T":"2024-01-06T18:13:01.732-0700","C":"handlers/handlers.go:45","M":"WALLET to be processed\n","txid":"7c4761fa50a35e329027c1953f24af3fc7eda8b8f934995aec01cb4bd902d959","dst_port":305419896}
{"L":"DEBUG","T":"2024-01-06T18:13:01.733-0700","C":"handlers/handlers.go:45","M":"WALLET to be processed\n","txid":"18856ea2e1974a0c808327f6e25994348b2a9cab02eeac855111eaf82fcce0e1","dst_port":305419896}
{"L":"DEBUG","T":"2024-01-06T18:13:01.733-0700","C":"handlers/handlers.go:45","M":"WALLET to be processed\n","txid":"86828abf8aec6a41b731933cc72ba93d27d39897a947b789daa1f61213f9bf17","dst_port":1}
{"L":"DEBUG","T":"2024-01-06T18:13:01.733-0700","C":"handlers/handlers.go:45","M":"WALLET to be processed\n","txid":"4a6652e47a6604b39ed8dccee1aea6901d74f821d0c381338c986dd035709326","dst_port":1311768465173141000}
{"L":"DEBUG","T":"2024-01-06T18:13:01.733-0700","C":"handlers/handlers.go:45","M":"WALLET to be processed\n","txid":"882f040c2ac512adbc85dc0bd123af518d96e747c9b058795014f50a69eaa7b6","dst_port":1311768465173141000}
{"L":"DEBUG","T":"2024-01-06T18:13:01.735-0700","C":"handlers/handlers.go:45","M":"WALLET to be processed\n","txid":"88b5461d8c99d098ab477d1e49d60c6184209d2c8eefebe5f2f9b6139f21fbc5","dst_port":1311768465173141000}
{"L":"DEBUG","T":"2024-01-06T18:13:01.736-0700","C":"handlers/handlers.go:45","M":"WALLET to be processed\n","txid":"803364a9cdcc2d5963aa32e807485e5ada6a2518c41b0971719e41b54d2a0754","dst_port":1311768465173141000}
{"L":"DEBUG","T":"2024-01-06T18:13:01.736-0700","C":"handlers/handlers.go:45","M":"WALLET to be processed\n","txid":"a4e0e9465f9d937c805a8413e2a7fa27f06eb5ddf0fc4cefb3ef31db9ff1a257","dst_port":1311768465173141000}
{"L":"DEBUG","T":"2024-01-06T18:13:01.736-0700","C":"handlers/handlers.go:45","M":"WALLET to be processed\n","txid":"53c4e93e549229be1f002df42df5d370e98f1c95b549251819de97347400a69e","dst_port":1311768465173141000}
{"L":"DEBUG","T":"2024-01-06T18:13:01.736-0700","C":"handlers/handlers.go:45","M":"WALLET to be processed\n","txid":"748a076160cfd17377e0b1f9e821618ca48c1ecb0c819013591195b66100538a","dst_port":24862}
{"L":"DEBUG","T":"2024-01-06T18:13:01.737-0700","C":"handlers/handlers.go:45","M":"WALLET to be processed\n","txid":"816c1fab389bd129b142622e9e76bb3341cb959a8bcec9fe6d3fd2ca3ae3b14c","dst_port":24862}
{"L":"DEBUG","T":"2024-01-06T18:13:01.737-0700","C":"handlers/handlers.go:45","M":"WALLET to be processed\n","txid":"439aa8ffc0d3b2f874480e3f03ad3934f0d7cf944c661bdfb2268c0c63c4275d","dst_port":24862}
{"L":"DEBUG","T":"2024-01-06T18:13:01.737-0700","C":"handlers/handlers.go:45","M":"WALLET to be processed\n","txid":"eb01fa8ce66817ded14c0b6faa8386ea9f7c0db8684aae57f92723397b52c9f5","dst_port":142}
{"L":"DEBUG","T":"2024-01-06T18:13:01.738-0700","C":"handlers/handlers.go:45","M":"WALLET to be processed\n","txid":"fb72dfb98fef1a0f7d0d05da82ea9000ee042a3560b01757dad674d03db7a196","dst_port":24862}
{"L":"DEBUG","T":"2024-01-06T18:13:01.738-0700","C":"handlers/handlers.go:45","M":"WALLET to be processed\n","txid":"3bbc598c92383266b067752ae3e1d289a833cd0bff08bb2e1e97bff566e6b059","dst_port":0}
{"L":"DEBUG","T":"2024-01-06T18:13:01.738-0700","C":"handlers/handlers.go:45","M":"WALLET to be processed\n","txid":"156d123bc750cdecd89ae4f030ce7b455370cf0dbe0ccb02d584f18c7f1c7c3a","dst_port":0}
{"L":"INFO","T":"2024-01-06T18:13:01.738-0700","C":"handlers/handlers.go:221","M":"Handling review request","txid":"156d123bc750cdecd89ae4f030ce7b455370cf0dbe0ccb02d584f18c7f1c7c3a"}
{"L":"DEBUG","T":"2024-01-06T18:13:01.738-0700","C":"handlers/handlers.go:45","M":"WALLET to be processed\n","txid":"b3a1b8684d894c2d06363ffe4d0c44ae6401289e1fcbd9ecbb1b5f7d5b8dbe1b","dst_port":0}
{"L":"INFO","T":"2024-01-06T18:13:01.739-0700","C":"handlers/handlers.go:221","M":"Handling review request","txid":"b3a1b8684d894c2d06363ffe4d0c44ae6401289e1fcbd9ecbb1b5f7d5b8dbe1b"}
{"L":"DEBUG","T":"2024-01-06T18:13:01.739-0700","C":"handlers/handlers.go:45","M":"WALLET to be processed\n","txid":"a9aaf042d8723ceae56850ad60bfe576ac8bcbb24e5c625dbb010f9ae736b082","dst_port":1337}
{"L":"INFO","T":"2024-01-06T18:13:01.739-0700","C":"handlers/handlers.go:221","M":"Handling review request","txid":"a9aaf042d8723ceae56850ad60bfe576ac8bcbb24e5c625dbb010f9ae736b082"}
{"L":"DEBUG","T":"2024-01-06T18:13:01.739-0700","C":"handlers/handlers.go:45","M":"WALLET to be processed\n","txid":"d9e397ede504ce0ae7c209868b16c44c18e9bae07055420a3209c5cf4441a8d9","dst_port":0}
{"L":"INFO","T":"2024-01-06T18:13:01.739-0700","C":"handlers/handlers.go:221","M":"Handling review request","txid":"d9e397ede504ce0ae7c209868b16c44c18e9bae07055420a3209c5cf4441a8d9"}
{"L":"DEBUG","T":"2024-01-06T18:13:01.740-0700","C":"handlers/handlers.go:45","M":"WALLET to be processed\n","txid":"baa672e053b47678e1462f51d3864e069252965cb9e5904a6c0fdf807c95e598","dst_port":0}
{"L":"DEBUG","T":"2024-01-06T18:13:01.740-0700","C":"handlers/handlers.go:45","M":"WALLET to be processed\n","txid":"59c44e7445278a5f07dbd638aa68bd137dd2b0fd961c3af2cb9fc5117137dd3c","dst_port":1234}
{"L":"DEBUG","T":"2024-01-06T18:13:01.740-0700","C":"handlers/handlers.go:45","M":"WALLET to be processed\n","txid":"ab760db086d5bfb6b805792c63b1201dafc1d932d8511f42182c5a4824aaa139","dst_port":0}
{"L":"DEBUG","T":"2024-01-06T18:13:01.741-0700","C":"handlers/handlers.go:45","M":"WALLET to be processed\n","txid":"8a8196da19941857643c095e1d8a75c25c494dd2b666374d7ebcbda3c3e72454","dst_port":1337}
{"L":"INFO","T":"2024-01-06T18:13:01.741-0700","C":"handlers/handlers.go:221","M":"Handling review request","txid":"8a8196da19941857643c095e1d8a75c25c494dd2b666374d7ebcbda3c3e72454"}
{"L":"DEBUG","T":"2024-01-06T18:13:01.741-0700","C":"handlers/handlers.go:45","M":"WALLET to be processed\n","txid":"a5b36102121b8e589228e4966e84b09520b9f7eb7d2cf880268c52509c1679e0","dst_port":4919}
{"L":"DEBUG","T":"2024-01-06T18:13:01.741-0700","C":"handlers/handlers.go:45","M":"WALLET to be processed\n","txid":"1dd45059e89a574e8f558c1649e7b543c0aa0ed67e8b80a9ba751a9d18c0ae8e","dst_port":4919}
{"L":"DEBUG","T":"2024-01-06T18:13:01.742-0700","C":"handlers/handlers.go:45","M":"WALLET to be processed\n","txid":"885c4a2ec49a63926c675fbe979b870333ac1e4812e87f7b4bca4b33a5808b70","dst_port":4919}
{"L":"DEBUG","T":"2024-01-06T18:13:01.742-0700","C":"handlers/handlers.go:45","M":"WALLET to be processed\n","txid":"677c4be0c1e97dd6e75a729f1a2f974cb69cc33527d5e440a492f8e1bdb7ea8e","dst_port":4919}
{"L":"DEBUG","T":"2024-01-06T18:13:01.742-0700","C":"handlers/handlers.go:45","M":"WALLET to be processed\n","txid":"e236fab4f0f12a5cb48b783c39297c7b5d70da04ba454eeafcc42e7c7b34dcd9","dst_port":4919}
{"L":"DEBUG","T":"2024-01-06T18:13:01.743-0700","C":"handlers/handlers.go:45","M":"WALLET to be processed\n","txid":"7bac2bef4b2075df5fa6d8eb86f344d790c2bdd0ac6c359d6eb2dc2dadc546a4","dst_port":4919}
{"L":"DEBUG","T":"2024-01-06T18:13:01.743-0700","C":"handlers/handlers.go:45","M":"WALLET to be processed\n","txid":"34cbfe625f76cbff5f0d928764f588061eb6c63d9f3123b8d98dd8e0bb4c38e6","dst_port":4919}
{"L":"DEBUG","T":"2024-01-06T18:13:01.743-0700","C":"handlers/handlers.go:45","M":"WALLET to be processed\n","txid":"33263700bae9d2482fc45e35c13c1711dbb6cf70b85120a39b7fc84e412a86d8","dst_port":4919}
{"L":"DEBUG","T":"2024-01-06T18:13:01.744-0700","C":"handlers/handlers.go:45","M":"WALLET to be processed\n","txid":"ef545664a9a7f5b341204be87905a5d3075420aadca9a8248861eefb4b1a7ee5","dst_port":4919}
{"L":"DEBUG","T":"2024-01-06T18:13:01.744-0700","C":"handlers/handlers.go:45","M":"WALLET to be processed\n","txid":"ad1d19d5f74a147037112c80f58aec99c69a8f19cb0e950876ca8f7fbfa49c40","dst_port":0}
{"L":"DEBUG","T":"2024-01-06T18:13:01.745-0700","C":"handlers/handlers.go:45","M":"WALLET to be processed\n","txid":"6e29cc3abe6db2d210c691bfe87411dba022c9cbf40c70ff152204a3159cc336","dst_port":4919}
{"L":"ERROR","T":"2024-01-06T18:13:01.746-0700","C":"handlers/handlers.go:40","M":"WALLET already processed transfer\n","txid":"b6f8490524aa419548360035af050311a447e3de33078d4451699bd4e60484b7","dst_port":36865}
{"L":"ERROR","T":"2024-01-06T18:13:01.746-0700","C":"handlers/handlers.go:40","M":"WALLET already processed transfer\n","txid":"9576b2e0ef6062e576dfb5d84a6ac0d69fdf930490a8352f7e8bd34a8f28e3c1","dst_port":36865}
{"L":"ERROR","T":"2024-01-06T18:13:01.746-0700","C":"handlers/handlers.go:40","M":"WALLET already processed transfer\n","txid":"d4a3415d2c964cdabac51f0df6a9028ed204e405c2c7c905678d9abea7e22668","dst_port":36865}
{"L":"ERROR","T":"2024-01-06T18:13:01.747-0700","C":"handlers/handlers.go:40","M":"WALLET already processed transfer\n","txid":"772d6fbc11d5e61361bd2930f13f8fca05992b1047bfa789eec3aa04f0ce58c0","dst_port":36865}
{"L":"ERROR","T":"2024-01-06T18:13:01.747-0700","C":"handlers/handlers.go:40","M":"WALLET already processed transfer\n","txid":"2eabc5039f27f4cf0c8959dd11cd28b418741427d03cdacbcc2ae4ea27709f4a","dst_port":36865}
{"L":"ERROR","T":"2024-01-06T18:13:01.747-0700","C":"handlers/handlers.go:40","M":"WALLET already processed transfer\n","txid":"4d8e335b5a13ed1eeb051a8af7c951a087b1d1de8f1b05c16079c43b54ef4ac0","dst_port":36865}
{"L":"ERROR","T":"2024-01-06T18:13:01.748-0700","C":"handlers/handlers.go:40","M":"WALLET already processed transfer\n","txid":"dcd9bea72326598b5b613ae875a452dd34ccf38e65bd18f9983c43f943534cd0","dst_port":36865}
{"L":"ERROR","T":"2024-01-06T18:13:01.748-0700","C":"handlers/handlers.go:40","M":"WALLET already processed transfer\n","txid":"f9ca5feab1bbded0094baf250873c5bb673c075d060ee19db224f31630b4c551","dst_port":36865}
{"L":"ERROR","T":"2024-01-06T18:13:01.748-0700","C":"handlers/handlers.go:40","M":"WALLET already processed transfer\n","txid":"15c951383bb2feead5484d240b1e202a40b418d84e8325f363f135aade9c3e09","dst_port":36865}
{"L":"ERROR","T":"2024-01-06T18:13:01.749-0700","C":"handlers/handlers.go:40","M":"WALLET already processed transfer\n","txid":"18b8dda4f9129efde921fa5dc9a00a4ec02659b6a96e5c681fc33843f48cd16d","dst_port":36865}
{"L":"ERROR","T":"2024-01-06T18:13:01.750-0700","C":"handlers/handlers.go:40","M":"WALLET already processed transfer\n","txid":"290f95ee0b21fa94170f93e53858d7ec9016245b80e2a54562b27b70453d3f7b","dst_port":36865}
{"L":"ERROR","T":"2024-01-06T18:13:01.750-0700","C":"handlers/handlers.go:40","M":"WALLET already processed transfer\n","txid":"1910660617a3810f17c60f6cc403b31bf9add1843eb07369bfc812b5cc9cc3f8","dst_port":36865}
{"L":"ERROR","T":"2024-01-06T18:13:01.750-0700","C":"handlers/handlers.go:40","M":"WALLET already processed transfer\n","txid":"35cceb9d309d9905ade27d26819961eacb32e64a854ae67ac7d264b52fc70ba1","dst_port":36865}
{"L":"ERROR","T":"2024-01-06T18:13:01.750-0700","C":"handlers/handlers.go:40","M":"WALLET already processed transfer\n","txid":"5cc049036f1a2fd0b79835423cc3fdeb6c6083e560b636120a2de8d7cc314a08","dst_port":36865}
{"L":"ERROR","T":"2024-01-06T18:13:01.751-0700","C":"handlers/handlers.go:40","M":"WALLET already processed transfer\n","txid":"4837fb7c394e2d4cab07603f9a7fcf911159de0626f955f6aa5d08f7840916ba","dst_port":36865}
{"L":"ERROR","T":"2024-01-06T18:13:01.763-0700","C":"handlers/handlers.go:40","M":"WALLET already processed transfer\n","txid":"b452aedd0f7827517fa471c2935f0448993a69384bb74b26ac717986a8478c36","dst_port":36865}
{"L":"ERROR","T":"2024-01-06T18:13:01.764-0700","C":"handlers/handlers.go:40","M":"WALLET already processed transfer\n","txid":"f6aa80b06e36b6684721fa024b6c138159121a0c9c67495d947d90bf90e2d5bb","dst_port":36865}
